[2018-11-14 09:56:31]       GameMain         Start Game. 사용자 이름 : aa
[2018-11-14 09:56:31]       GameMain         END Game. 사용자 이름 : aa | 게임시간 : 16
[2018-11-14 10:16:42]       GameMain         Start Game. 사용자 이름 : sss
[2018-11-14 10:16:42]       GameMain         END Game. 사용자 이름 : sss | 게임시간 : -36
[2018-11-14 10:17:48]       GameMain         Start Game. 사용자 이름 : mm
[2018-11-14 10:17:48]       GameMain         END Game. 사용자 이름 : mm | 게임시간 : -43
[2018-11-14 10:24:30]       GameMain         Start Game. 사용자 이름 : 22
[2018-11-14 10:24:30]       GameMain         END Game. 사용자 이름 : 22 | 게임시간 : -30
[2018-11-14 10:29:22]       GameMain         Start Game. 사용자 이름 : ss
[2018-11-14 10:29:22]       GameMain         END Game. 사용자 이름 : ss | 게임시간 : 11
[2018-11-14 10:34:40]       GameMain         Start Game. 사용자 이름 : ss
[2018-11-14 10:34:40]       GameMain         END Game. 사용자 이름 : ss | 게임시간 : -33
[2018-11-14 10:45:56]       GameMain         Start Game. 사용자 이름 : aaa
[2018-11-14 02:05:43]       GameMain         Start Game. 사용자 이름 : gggg
[2018-11-14 02:07:22]       GameMain         Start Game. 사용자 이름 : lll
[2018-11-14 02:14:48]       GameMain         Start Game. 사용자 이름 : uuu
[2018-11-14 02:17:22]       GameMain         Start Game. 사용자 이름 : llll
[2018-11-14 02:17:51]       GameMain         Start Game. 사용자 이름 : oo
[2018-11-14 02:21:19]       GameMain         Start Game. 사용자 이름 : lll
[2018-11-14 02:22:18]       GameMain         Start Game. 사용자 이름 : eee
[2018-11-14 02:25:01]       GameMain         Start Game. 사용자 이름 : ccc
[2018-11-14 02:25:16]       GameMain         Start Game. 사용자 이름 : cccc
[2018-11-14 02:25:51]       GameMain         Start Game. 사용자 이름 : sss
[2018-11-14 02:26:04]       GameMain         Start Game. 사용자 이름 : dddd
[2018-11-14 02:26:12]       GameMain         Start Game. 사용자 이름 : ffffff
[2018-11-14 02:32:20]       GameMain         Start Game. 사용자 이름 : kjjkkj
[2018-11-14 02:34:25]       GameMain         Start Game. 사용자 이름 : ds
[2018-11-14 02:34:29]       GameMain         Start Game. 사용자 이름 : sd
[2018-11-14 02:38:59]       GameMain         Start Game. 사용자 이름 : aaaaa
[2018-11-14 02:39:01]       GameMain         Start Game. 사용자 이름 : ffff
[2018-11-14 02:38:58]       GameMain         Start Game. 사용자 이름 : bbbb
[2018-11-14 02:44:34]       GameMain         Start Game. 사용자 이름 : ffff
[2018-11-14 02:44:41]       GameMain         Start Game. 사용자 이름 : vvcvcv
[2018-11-14 03:37:37]       GameMain         Start Game. 사용자 이름 : ddd
[2018-11-14 04:57:31]       GameMain         Start Game. 사용자 이름 : sssss
[2018-11-14 05:03:47]       GameMain         Start Game. 사용자 이름 : sdsd
[2018-11-14 05:03:47]       GameMain         END Game. 사용자 이름 : sdsd | 게임시간 : -30
[2018-11-14 05:05:25]       GameMain         Start Game. 사용자 이름 : xdxxx
[2018-11-14 05:54:05]       GameMain         Start Game. 사용자 이름 : ddd
[2018-11-14 05:54:05]       GameMain         END Game. 사용자 이름 : ddd | 게임시간 : 16
[2018-11-14 05:56:16]       GameMain         Start Game. 사용자 이름 : ddd
[2018-11-14 05:56:16]       GameMain         END Game. 사용자 이름 : ddd | 게임시간 : 12
[2018-11-14 06:04:59]       GameMain         Start Game. 사용자 이름 : ccc
[2018-11-14 06:04:59]       GameMain         END Game. 사용자 이름 : ccc | 게임시간 : 27
[2018-11-14 06:06:26]       GameMain         Start Game. 사용자 이름 : 가즈아
[2018-11-14 06:06:26]       GameMain         END Game. 사용자 이름 : 가즈아 | 게임시간 : 12
[2018-11-14 06:08:52]       GameMain         Start Game. 사용자 이름 : ssdsd
[2018-11-14 06:08:52]       GameMain         END Game. 사용자 이름 : ssdsd | 게임시간 : -17
[2018-11-14 06:14:54]       GameMain         Start Game. 사용자 이름 : fff
[2018-11-14 06:14:54]       GameMain         END Game. 사용자 이름 : fff | 게임시간 : -46
