[2018-11-15 10:09:25]       GameMain         Start Game. 사용자 이름 : dd
[2018-11-15 11:57:20]       GameMain         Start Game. 사용자 이름 : wd
[2018-11-15 11:57:20]       GameMain         END Game. 사용자 이름 : wd | 게임시간 : -25
[2018-11-15 12:01:12]       GameMain         Start Game. 사용자 이름 : fffqwe12
[2018-11-15 12:01:15]       GameMain         Start Game. 사용자 이름 : bbb
[2018-11-15 12:01:19]       GameMain         Start Game. 사용자 이름 : xxxxxx
[2018-11-15 12:01:22]       GameMain         Start Game. 사용자 이름 : dddsdsdsd
[2018-11-15 12:05:38]       GameMain         Start Game. 사용자 이름 : 
[2018-11-15 12:05:42]       GameMain         Start Game. 사용자 이름 : dfdf
[2018-11-15 12:07:52]       GameMain         Start Game. 사용자 이름 : dddddd
[2018-11-15 12:07:56]       GameMain         Start Game. 사용자 이름 : fffffff
[2018-11-15 12:08:52]       GameMain         Start Game. 사용자 이름 : dadadadad
[2018-11-15 12:08:53]       GameMain         Start Game. 사용자 이름 : sssdd
[2018-11-15 12:09:10]       GameMain         Start Game. 사용자 이름 : sddssdsd
[2018-11-15 12:09:20]       GameMain         Start Game. 사용자 이름 : sdsdcsc
[2018-11-15 02:16:55]       GameMain         Start Game. 사용자 이름 : ss
[2018-11-15 02:16:55]       GameMain         END Game. 사용자 이름 : ss | 게임시간 : -32
[2018-11-15 02:29:08]       GameMain         Start Game. 사용자 이름 : cc
[2018-11-15 02:29:08]       GameMain         END Game. 사용자 이름 : cc | 게임시간 : 17
[2018-11-15 02:36:30]       GameMain         Start Game. 사용자 이름 : 3333
[2018-11-15 02:36:30]       GameMain         END Game. 사용자 이름 : 3333 | 게임시간 : 24045
[2018-11-15 02:38:13]       GameMain         Start Game. 사용자 이름 : dd
[2018-11-15 02:38:13]       GameMain         END Game. 사용자 이름 : dd | 게임시간 : 18
[2018-11-15 02:40:04]       GameMain         Start Game. 사용자 이름 : 1212
[2018-11-15 02:40:04]       GameMain         END Game. 사용자 이름 : 1212 | 게임시간 : 16
[2018-11-15 02:42:54]       GameMain         Start Game. 사용자 이름 : 76767
[2018-11-15 02:42:54]       GameMain         END Game. 사용자 이름 : 76767 | 게임시간 : 19
[2018-11-15 03:12:18]       GameMain         Start Game. 사용자 이름 : cvcvcv
[2018-11-15 03:12:18]       GameMain         END Game. 사용자 이름 : cvcvcv | 게임시간 : 300
[2018-11-15 03:20:56]       GameMain         Start Game. 사용자 이름 : kiik
[2018-11-15 03:22:03]       GameMain         Start Game. 사용자 이름 : dd
[2018-11-15 03:22:03]       GameMain         END Game. 사용자 이름 : dd | 게임시간 : 24
[2018-11-15 03:22:42]       GameMain         Start Game. 사용자 이름 : ss
[2018-11-15 03:22:42]       GameMain         END Game. 사용자 이름 : ss | 게임시간 : 35
[2018-11-15 03:25:20]       GameMain         Start Game. 사용자 이름 : bbbvb
[2018-11-15 03:25:20]       GameMain         END Game. 사용자 이름 : bbbvb | 게임시간 : 16
[2018-11-15 03:26:20]       GameMain         Start Game. 사용자 이름 : fff
[2018-11-15 03:26:20]       GameMain         END Game. 사용자 이름 : fff | 게임시간 : 36
[2018-11-15 03:39:03]       GameMain         Start Game. 사용자 이름 : 22
[2018-11-15 03:45:22]       GameMain         Start Game. 사용자 이름 : dd
[2018-11-15 03:46:54]       GameMain         Start Game. 사용자 이름 : sss
[2018-11-15 03:46:54]       GameMain         END Game. 사용자 이름 : sss | 게임시간 : 0
[2018-11-15 03:59:16]       GameMain         Start Game. 사용자 이름 : hh
[2018-11-15 03:59:16]       GameMain         END Game. 사용자 이름 : hh | 게임시간 : 0
[2018-11-15 04:01:43]       GameMain         Start Game. 사용자 이름 :  d
[2018-11-15 04:01:43]       GameMain         END Game. 사용자 이름 :  d | 게임시간 : 0
[2018-11-15 04:08:02]       GameMain         Start Game. 사용자 이름 : ss
[2018-11-15 04:08:02]       GameMain         END Game. 사용자 이름 : ss | 게임시간 : 0
[2018-11-15 04:08:44]       GameMain         Start Game. 사용자 이름 : dd
[2018-11-15 04:08:44]       GameMain         END Game. 사용자 이름 : dd | 게임시간 : 0
[2018-11-15 04:20:46]       GameMain         Start Game. 사용자 이름 : er
[2018-11-15 04:20:46]       GameMain         END Game. 사용자 이름 : er | 게임시간 : 0
[2018-11-15 04:27:01]       GameMain         Start Game. 사용자 이름 : 66
[2018-11-15 04:27:01]       GameMain         END Game. 사용자 이름 : 66 | 게임시간 : 0
[2018-11-15 04:29:35]       GameMain         Start Game. 사용자 이름 : erf
[2018-11-15 04:29:35]       GameMain         END Game. 사용자 이름 : erf | 게임시간 : 0
[2018-11-15 04:31:25]       GameMain         Start Game. 사용자 이름 : ss
[2018-11-15 04:31:25]       GameMain         END Game. 사용자 이름 : ss | 게임시간 : 0
[2018-11-15 04:35:20]       GameMain         Start Game. 사용자 이름 : 
[2018-11-15 04:35:20]       GameMain         END Game. 사용자 이름 :  | 게임시간 : 0
[2018-11-15 04:36:26]       GameMain         Start Game. 사용자 이름 : d
[2018-11-15 04:36:26]       GameMain         END Game. 사용자 이름 : d | 게임시간 : 0
[2018-11-15 04:41:02]       GameMain         Start Game. 사용자 이름 : 11
[2018-11-15 04:41:02]       GameMain         END Game. 사용자 이름 : 11 | 게임시간 : 0
[2018-11-15 04:54:29]       GameMain         Start Game. 사용자 이름 : w
[2018-11-15 04:54:29]       GameMain         END Game. 사용자 이름 : w | 게임시간 : 0
[2018-11-15 05:00:08]       GameMain         Start Game. 사용자 이름 : dd
[2018-11-15 05:00:08]       GameMain         END Game. 사용자 이름 : dd | 게임시간 : 0
[2018-11-15 05:04:50]       GameMain         Start Game. 사용자 이름 : sss
[2018-11-15 05:04:50]       GameMain         END Game. 사용자 이름 : sss | 게임시간 : 0
[2018-11-15 05:53:34]       GameMain         Start Game. 사용자 이름 : ss
[2018-11-15 05:53:34]       GameMain         END Game. 사용자 이름 : ss | 게임시간 : 0
[2018-11-15 05:57:35]       GameMain         Start Game. 사용자 이름 : dd
[2018-11-15 05:57:35]       GameMain         END Game. 사용자 이름 : dd | 게임시간 : 0
[2018-11-15 05:59:06]       GameMain         Start Game. 사용자 이름 : ff
[2018-11-15 05:59:06]       GameMain         END Game. 사용자 이름 : ff | 게임시간 : 0
[2018-11-15 06:05:13]       GameMain         Start Game. 사용자 이름 : gg
[2018-11-15 06:05:13]       GameMain         END Game. 사용자 이름 : gg | 게임시간 : 0
[2018-11-15 06:06:12]       GameMain         Start Game. 사용자 이름 : null
[2018-11-15 06:06:19]       GameMain         Start Game. 사용자 이름 : 99
[2018-11-15 06:06:19]       GameMain         END Game. 사용자 이름 : 99 | 게임시간 : 0
[2018-11-15 06:11:50]       GameMain         Start Game. 사용자 이름 : ff
[2018-11-15 06:11:50]       GameMain         END Game. 사용자 이름 : ff | 게임시간 : 0
[2018-11-15 06:14:29]       GameMain         Start Game. 사용자 이름 : f
[2018-11-15 06:14:29]       GameMain         END Game. 사용자 이름 : f | 게임시간 : 0
[2018-11-15 06:25:21]       GameMain         Start Game. 사용자 이름 : dd
[2018-11-15 06:25:21]       GameMain         END Game. 사용자 이름 : dd | 게임시간 : 0
[2018-11-15 06:26:16]       GameMain         Start Game. 사용자 이름 : 232
[2018-11-15 06:26:16]       GameMain         END Game. 사용자 이름 : 232 | 게임시간 : 0
[2018-11-15 06:27:54]       GameMain         Start Game. 사용자 이름 : dd
[2018-11-15 06:27:54]       GameMain         END Game. 사용자 이름 : dd | 게임시간 : 0
[2018-11-15 06:28:45]       GameMain         Start Game. 사용자 이름 : f
[2018-11-15 06:28:45]       GameMain         END Game. 사용자 이름 : f | 게임시간 : 0
[2018-11-15 06:29:54]       GameMain         Start Game. 사용자 이름 : d
[2018-11-15 06:29:54]       GameMain         END Game. 사용자 이름 : d | 게임시간 : 0
[2018-11-15 06:30:55]       GameMain         Start Game. 사용자 이름 : ff
[2018-11-15 06:30:55]       GameMain         END Game. 사용자 이름 : ff | 게임시간 : 0
[2018-11-15 06:31:35]       GameMain         Start Game. 사용자 이름 : null
[2018-11-15 06:31:42]       GameMain         Start Game. 사용자 이름 : sdsd
[2018-11-15 06:31:42]       GameMain         END Game. 사용자 이름 : sdsd | 게임시간 : 0
[2018-11-15 06:32:48]       GameMain         Start Game. 사용자 이름 : ff
[2018-11-15 06:32:48]       GameMain         END Game. 사용자 이름 : ff | 게임시간 : 0
